<?xml version="1.0" encoding="UTF-8"?>
<!-- Generated by org.testng.reporters.JUnitXMLReporter -->
<testsuite ignored="0" hostname="Avass-MacBook-Air.local" failures="0" tests="3" name="Test" time="11.41" errors="0" timestamp="2023-09-17T15:15:57 IST">
  <testcase classname="com.app.AppTest" name="testLogin1" time="0.016"/>
  <testcase classname="com.app.AppTest" name="testLogin2" time="0.001"/>
  <testcase classname="com.app.LoginTest" name="loginTest" time="11.328"/>
</testsuite> <!-- Test -->
