<?xml version="1.0" encoding="UTF-8"?>
<testng-results ignored="0" total="3" passed="3" failed="0" skipped="0">
  <reporter-output>
  </reporter-output>
  <suite started-at="2023-09-17T15:15:46 IST" name="Suite" finished-at="2023-09-17T15:15:57 IST" duration-ms="11410">
    <groups>
    </groups>
    <test started-at="2023-09-17T15:15:46 IST" name="Test" finished-at="2023-09-17T15:15:57 IST" duration-ms="11410">
      <class name="com.app.AppTest">
        <test-method signature="testLogin1()[pri:0, instance:com.app.AppTest@5fdcaa40]" started-at="2023-09-17T15:15:46 IST" name="testLogin1" finished-at="2023-09-17T15:15:46 IST" duration-ms="16" status="PASS">
          <reporter-output>
          </reporter-output>
        </test-method> <!-- testLogin1 -->
        <test-method signature="testLogin2()[pri:0, instance:com.app.AppTest@5fdcaa40]" started-at="2023-09-17T15:15:46 IST" name="testLogin2" finished-at="2023-09-17T15:15:46 IST" duration-ms="1" status="PASS">
          <reporter-output>
          </reporter-output>
        </test-method> <!-- testLogin2 -->
      </class> <!-- com.app.AppTest -->
      <class name="com.app.LoginTest">
        <test-method signature="loginTest()[pri:0, instance:com.app.LoginTest@74e52303]" started-at="2023-09-17T15:15:46 IST" name="loginTest" finished-at="2023-09-17T15:15:57 IST" duration-ms="11328" status="PASS">
          <reporter-output>
          </reporter-output>
        </test-method> <!-- loginTest -->
      </class> <!-- com.app.LoginTest -->
    </test> <!-- Test -->
  </suite> <!-- Suite -->
</testng-results>
